<?xml version="1.0" encoding="UTF-8"?>
<testsuite xmlns:xsi="http://www.w3.org/2001/XMLSchema-instance" xsi:noNamespaceSchemaLocation="https://maven.apache.org/surefire/maven-surefire-plugin/xsd/surefire-test-report-3.0.xsd" version="3.0" name="com.kai.Vasara.VasaraApplicationTests" time="14.325" tests="1" errors="0" skipped="0" failures="0">
  <properties>
[...]
</properties>
  <testcase name="contextLoads" classname="com.kai.Vasara.VasaraApplicationTests" time="0.748">
    <system-out><![CDATA[18:32:22.320 [main] INFO org.springframework.test.context.support.AnnotationConfigContextLoaderUtils -- Could not detect default configuration classes for test class [com.kai.Vasara.VasaraApplicationTests]: VasaraApplicationTests does not declare any static, non-private, non-final, nested classes annotated with @Configuration.
18:32:22.569 [main] INFO org.springframework.boot.test.context.SpringBootTestContextBootstrapper -- Found @SpringBootConfiguration com.kai.Vasara.VasaraApplication for test class com.kai.Vasara.VasaraApplicationTests

  .   ____          _            __ _ _
 /\\ / ___'_ __ _ _(_)_ __  __ _ \ \ \ \
( ( )\___ | '_ | '_| | '_ \/ _` | \ \ \ \
 \\/  ___)| |_)| | | | | || (_| |  ) ) ) )
  '  |____| .__|_| |_|_| |_\__, | / / / /
 =========|_|==============|___/=/_/_/_/

 :: Spring Boot ::                (v3.3.4)

2024-11-19T18:32:23.362+01:00  INFO 13212 --- [Vasara] [           main] com.kai.Vasara.VasaraApplicationTests    : Starting VasaraApplicationTests using Java 17.0.1 with PID 13212 (started by Kai in C:\Users\Kai\OneDrive\Pulpit\Vasara\Vasara)
2024-11-19T18:32:23.365+01:00  INFO 13212 --- [Vasara] [           main] com.kai.Vasara.VasaraApplicationTests    : The following 1 profile is active: "native"
2024-11-19T18:32:24.693+01:00  INFO 13212 --- [Vasara] [           main] .s.d.r.c.RepositoryConfigurationDelegate : Bootstrapping Spring Data JPA repositories in DEFAULT mode.
2024-11-19T18:32:24.808+01:00  INFO 13212 --- [Vasara] [           main] .s.d.r.c.RepositoryConfigurationDelegate : Finished Spring Data repository scanning in 101 ms. Found 3 JPA repository interfaces.
2024-11-19T18:32:25.672+01:00  INFO 13212 --- [Vasara] [           main] com.zaxxer.hikari.HikariDataSource       : HikariPool-1 - Starting...
2024-11-19T18:32:27.945+01:00  INFO 13212 --- [Vasara] [           main] com.zaxxer.hikari.pool.HikariPool        : HikariPool-1 - Added connection org.postgresql.jdbc.PgConnection@329dc214
2024-11-19T18:32:27.947+01:00  INFO 13212 --- [Vasara] [           main] com.zaxxer.hikari.HikariDataSource       : HikariPool-1 - Start completed.
2024-11-19T18:32:29.030+01:00  INFO 13212 --- [Vasara] [           main] o.hibernate.jpa.internal.util.LogHelper  : HHH000204: Processing PersistenceUnitInfo [name: default]
2024-11-19T18:32:29.167+01:00  INFO 13212 --- [Vasara] [           main] org.hibernate.Version                    : HHH000412: Hibernate ORM core version 6.5.3.Final
2024-11-19T18:32:29.249+01:00  INFO 13212 --- [Vasara] [           main] o.h.c.internal.RegionFactoryInitiator    : HHH000026: Second-level cache disabled
2024-11-19T18:32:29.958+01:00  INFO 13212 --- [Vasara] [           main] o.s.o.j.p.SpringPersistenceUnitInfo      : No LoadTimeWeaver setup: ignoring JPA class transformer
2024-11-19T18:32:32.605+01:00  INFO 13212 --- [Vasara] [           main] o.h.e.t.j.p.i.JtaPlatformInitiator       : HHH000489: No JTA platform available (set 'hibernate.transaction.jta.platform' to enable JTA platform integration)
2024-11-19T18:32:32.610+01:00  INFO 13212 --- [Vasara] [           main] j.LocalContainerEntityManagerFactoryBean : Initialized JPA EntityManagerFactory for persistence unit 'default'
2024-11-19T18:32:32.993+01:00  INFO 13212 --- [Vasara] [           main] o.s.d.j.r.query.QueryEnhancerFactory     : Hibernate is in classpath; If applicable, HQL parser will be used.
2024-11-19T18:32:33.989+01:00  WARN 13212 --- [Vasara] [           main] JpaBaseConfiguration$JpaWebConfiguration : spring.jpa.open-in-view is enabled by default. Therefore, database queries may be performed during view rendering. Explicitly configure spring.jpa.open-in-view to disable this warning
2024-11-19T18:32:34.053+01:00  WARN 13212 --- [Vasara] [           main] .s.s.UserDetailsServiceAutoConfiguration : 

Using generated security password: c322bafd-afe4-43c4-93c5-3c2e7ce9d3f1

This generated password is for development use only. Your security configuration must be updated before running your application in production.

2024-11-19T18:32:34.084+01:00  INFO 13212 --- [Vasara] [           main] r$InitializeUserDetailsManagerConfigurer : Global AuthenticationManager configured with UserDetailsService bean with name inMemoryUserDetailsManager
2024-11-19T18:32:35.552+01:00  INFO 13212 --- [Vasara] [           main] com.kai.Vasara.VasaraApplicationTests    : Started VasaraApplicationTests in 12.67 seconds (process running for 14.877)
]]></system-out>
  </testcase>
</testsuite>