<?xml version="1.0" encoding="UTF-8"?>
<testsuite xmlns:xsi="http://www.w3.org/2001/XMLSchema-instance" xsi:noNamespaceSchemaLocation="https://maven.apache.org/surefire/maven-surefire-plugin/xsd/surefire-test-report-3.0.xsd" version="3.0" name="com.kai.Vasara.VasaraApplicationTests" time="11.488" tests="1" errors="0" skipped="0" failures="0">
  <properties>
[...]
</properties>
  <testcase name="contextLoads" classname="com.kai.Vasara.VasaraApplicationTests" time="0.691">
    <system-out><![CDATA[16:00:12.379 [main] INFO org.springframework.test.context.support.AnnotationConfigContextLoaderUtils -- Could not detect default configuration classes for test class [com.kai.Vasara.VasaraApplicationTests]: VasaraApplicationTests does not declare any static, non-private, non-final, nested classes annotated with @Configuration.
16:00:12.625 [main] INFO org.springframework.boot.test.context.SpringBootTestContextBootstrapper -- Found @SpringBootConfiguration com.kai.Vasara.VasaraApplication for test class com.kai.Vasara.VasaraApplicationTests

  .   ____          _            __ _ _
 /\\ / ___'_ __ _ _(_)_ __  __ _ \ \ \ \
( ( )\___ | '_ | '_| | '_ \/ _` | \ \ \ \
 \\/  ___)| |_)| | | | | || (_| |  ) ) ) )
  '  |____| .__|_| |_|_| |_\__, | / / / /
 =========|_|==============|___/=/_/_/_/

 :: Spring Boot ::                (v3.3.4)

2024-10-15T16:00:13.429+02:00  INFO 21792 --- [Vasara] [           main] com.kai.Vasara.VasaraApplicationTests    : Starting VasaraApplicationTests using Java 17.0.1 with PID 21792 (started by Kai in C:\Users\Kai\OneDrive\Pulpit\Vasara\Vasara)
2024-10-15T16:00:13.431+02:00  INFO 21792 --- [Vasara] [           main] com.kai.Vasara.VasaraApplicationTests    : The following 1 profile is active: "native"
2024-10-15T16:00:14.810+02:00  INFO 21792 --- [Vasara] [           main] .s.d.r.c.RepositoryConfigurationDelegate : Bootstrapping Spring Data JPA repositories in DEFAULT mode.
2024-10-15T16:00:14.959+02:00  INFO 21792 --- [Vasara] [           main] .s.d.r.c.RepositoryConfigurationDelegate : Finished Spring Data repository scanning in 129 ms. Found 1 JPA repository interface.
2024-10-15T16:00:15.764+02:00  INFO 21792 --- [Vasara] [           main] com.zaxxer.hikari.HikariDataSource       : HikariPool-1 - Starting...
2024-10-15T16:00:17.890+02:00  INFO 21792 --- [Vasara] [           main] com.zaxxer.hikari.pool.HikariPool        : HikariPool-1 - Added connection org.postgresql.jdbc.PgConnection@5b251fb9
2024-10-15T16:00:17.893+02:00  INFO 21792 --- [Vasara] [           main] com.zaxxer.hikari.HikariDataSource       : HikariPool-1 - Start completed.
2024-10-15T16:00:18.079+02:00  INFO 21792 --- [Vasara] [           main] o.hibernate.jpa.internal.util.LogHelper  : HHH000204: Processing PersistenceUnitInfo [name: default]
2024-10-15T16:00:18.233+02:00  INFO 21792 --- [Vasara] [           main] org.hibernate.Version                    : HHH000412: Hibernate ORM core version 6.5.3.Final
2024-10-15T16:00:18.303+02:00  INFO 21792 --- [Vasara] [           main] o.h.c.internal.RegionFactoryInitiator    : HHH000026: Second-level cache disabled
2024-10-15T16:00:19.057+02:00  INFO 21792 --- [Vasara] [           main] o.s.o.j.p.SpringPersistenceUnitInfo      : No LoadTimeWeaver setup: ignoring JPA class transformer
2024-10-15T16:00:20.855+02:00  INFO 21792 --- [Vasara] [           main] o.h.e.t.j.p.i.JtaPlatformInitiator       : HHH000489: No JTA platform available (set 'hibernate.transaction.jta.platform' to enable JTA platform integration)
2024-10-15T16:00:20.860+02:00  INFO 21792 --- [Vasara] [           main] j.LocalContainerEntityManagerFactoryBean : Initialized JPA EntityManagerFactory for persistence unit 'default'
2024-10-15T16:00:21.523+02:00  WARN 21792 --- [Vasara] [           main] JpaBaseConfiguration$JpaWebConfiguration : spring.jpa.open-in-view is enabled by default. Therefore, database queries may be performed during view rendering. Explicitly configure spring.jpa.open-in-view to disable this warning
2024-10-15T16:00:22.127+02:00  WARN 21792 --- [Vasara] [           main] .s.s.UserDetailsServiceAutoConfiguration : 

Using generated security password: ae00236a-3e57-4459-88fa-85c20e552453

This generated password is for development use only. Your security configuration must be updated before running your application in production.

2024-10-15T16:00:22.158+02:00  INFO 21792 --- [Vasara] [           main] r$InitializeUserDetailsManagerConfigurer : Global AuthenticationManager configured with UserDetailsService bean with name inMemoryUserDetailsManager
2024-10-15T16:00:22.782+02:00  INFO 21792 --- [Vasara] [           main] com.kai.Vasara.VasaraApplicationTests    : Started VasaraApplicationTests in 9.855 seconds (process running for 12.246)
]]></system-out>
  </testcase>
</testsuite>